Copyright 1986-2022 Xilinx, Inc. All Rights Reserved. Copyright 2022-2023 Advanced Micro Devices, Inc. All Rights Reserved.
--------------------------------------------------------------------------------------------------------------------------------------------------
| Tool Version      : Vivado v.2023.1 (lin64) Build 3865809 Sun May  7 15:04:56 MDT 2023
| Date              : Sun Oct 27 12:37:01 2024
| Host              : duncan-Ub22 running 64-bit Ubuntu 22.04.5 LTS
| Command           : report_clock_utilization -file QCS_4_Top_wrapper_clock_utilization_routed.rpt
| Design            : QCS_4_Top_wrapper
| Device            : 7a35ti-csg324
| Speed File        : -1L  PRODUCTION 1.23 2018-06-13
| Temperature Grade : I
| Design State      : Routed
--------------------------------------------------------------------------------------------------------------------------------------------------

Clock Utilization Report

Table of Contents
-----------------
1. Clock Primitive Utilization
2. Global Clock Resources
3. Global Clock Source Details
4. Clock Regions: Key Resource Utilization
5. Clock Regions : Global Clock Summary
6. Device Cell Placement Summary for Global Clock g0
7. Device Cell Placement Summary for Global Clock g1
8. Device Cell Placement Summary for Global Clock g2
9. Device Cell Placement Summary for Global Clock g3
10. Device Cell Placement Summary for Global Clock g4
11. Device Cell Placement Summary for Global Clock g5
12. Device Cell Placement Summary for Global Clock g6
13. Device Cell Placement Summary for Global Clock g7
14. Device Cell Placement Summary for Global Clock g8
15. Device Cell Placement Summary for Global Clock g9
16. Device Cell Placement Summary for Global Clock g10
17. Device Cell Placement Summary for Global Clock g11
18. Clock Region Cell Placement per Global Clock: Region X0Y0
19. Clock Region Cell Placement per Global Clock: Region X1Y0
20. Clock Region Cell Placement per Global Clock: Region X0Y1
21. Clock Region Cell Placement per Global Clock: Region X1Y1

1. Clock Primitive Utilization
------------------------------

+----------+------+-----------+-----+--------------+--------+
| Type     | Used | Available | LOC | Clock Region | Pblock |
+----------+------+-----------+-----+--------------+--------+
| BUFGCTRL |   12 |        32 |   0 |            0 |      0 |
| BUFH     |    0 |        72 |   0 |            0 |      0 |
| BUFIO    |    0 |        20 |   0 |            0 |      0 |
| BUFMR    |    0 |        10 |   0 |            0 |      0 |
| BUFR     |    0 |        20 |   0 |            0 |      0 |
| MMCM     |    0 |         5 |   0 |            0 |      0 |
| PLL      |    1 |         5 |   0 |            0 |      0 |
+----------+------+-----------+-----+--------------+--------+


2. Global Clock Resources
-------------------------

+-----------+-----------+-----------------+------------+----------------+--------------+-------------------+-------------+-----------------+--------------+--------------------------------------------------------------------------------------------+------------------------------------------------------------------------------+-----------------------------------------------------------------------+
| Global Id | Source Id | Driver Type/Pin | Constraint | Site           | Clock Region | Load Clock Region | Clock Loads | Non-Clock Loads | Clock Period | Clock                                                                                      | Driver Pin                                                                   | Net                                                                   |
+-----------+-----------+-----------------+------------+----------------+--------------+-------------------+-------------+-----------------+--------------+--------------------------------------------------------------------------------------------+------------------------------------------------------------------------------+-----------------------------------------------------------------------+
| g0        | src0      | BUFG/O          | None       | BUFGCTRL_X0Y16 | n/a          |                 4 |        5873 |               5 |       33.333 | clk_out1_QCS_4_Top_clk_wiz_0_0                                                             | QCS_4_Top_i/clk_wiz_0/inst/clkout1_buf/O                                     | QCS_4_Top_i/clk_wiz_0/inst/clk_out1                                   |
| g1        | src1      | BUFG/O          | None       | BUFGCTRL_X0Y0  | n/a          |                 2 |         461 |               0 |       33.000 | dbg_hub/inst/BSCANID.u_xsdbm_id/SWITCH_N_EXT_BSCAN.bscan_inst/SERIES7_BSCAN.bscan_inst/TCK | dbg_hub/inst/BSCANID.u_xsdbm_id/SWITCH_N_EXT_BSCAN.u_bufg_icon_tck/O         | dbg_hub/inst/BSCANID.u_xsdbm_id/itck_i                                |
| g2        | src2      | BUFGCTRL/O      | None       | BUFGCTRL_X0Y1  | n/a          |                 2 |         233 |               0 |       33.333 | QCS_4_Top_i/mdm_1/U0/Use_E2.BSCAN_I/Use_E2.BSCANE2_I/DRCK                                  | QCS_4_Top_i/mdm_1/U0/No_Dbg_Reg_Access.BUFG_DRCK/Using_FPGA.Native/O         | QCS_4_Top_i/mdm_1/U0/No_Dbg_Reg_Access.BUFG_DRCK/Dbg_Clk_0            |
| g2        | src3      | BUFGCTRL/O      | None       | BUFGCTRL_X0Y1  | n/a          |                 2 |         233 |               0 |       33.333 | QCS_4_Top_i/mdm_1/U0/Use_E2.BSCAN_I/Use_E2.BSCANE2_I/DRCK                                  | QCS_4_Top_i/mdm_1/U0/No_Dbg_Reg_Access.BUFG_DRCK/Using_FPGA.Native/O         | QCS_4_Top_i/mdm_1/U0/No_Dbg_Reg_Access.BUFG_DRCK/Dbg_Clk_0            |
| g3        | src0      | BUFG/O          | None       | BUFGCTRL_X0Y2  | n/a          |                 1 |         102 |               0 |       33.333 | clk_out1_QCS_4_Top_clk_wiz_0_0                                                             | QCS_4_Top_i/QCS_4_wrapper_0/inst/QCS_4_i/clk_cascade_0/inst/clk0_BUFG_inst/O | QCS_4_Top_i/QCS_4_wrapper_0/inst/QCS_4_i/clk_cascade_0/inst/clk0_BUFG |
| g4        | src0      | BUFG/O          | None       | BUFGCTRL_X0Y3  | n/a          |                 1 |         102 |               0 |       33.333 | clk_out1_QCS_4_Top_clk_wiz_0_0                                                             | QCS_4_Top_i/QCS_4_wrapper_0/inst/QCS_4_i/clk_cascade_0/inst/clk1_BUFG_inst/O | QCS_4_Top_i/QCS_4_wrapper_0/inst/QCS_4_i/clk_cascade_0/inst/clk1_BUFG |
| g5        | src0      | BUFG/O          | None       | BUFGCTRL_X0Y4  | n/a          |                 1 |         102 |               0 |       33.333 | clk_out1_QCS_4_Top_clk_wiz_0_0                                                             | QCS_4_Top_i/QCS_4_wrapper_0/inst/QCS_4_i/clk_cascade_0/inst/clk2_BUFG_inst/O | QCS_4_Top_i/QCS_4_wrapper_0/inst/QCS_4_i/clk_cascade_0/inst/clk2_BUFG |
| g6        | src0      | BUFG/O          | None       | BUFGCTRL_X0Y5  | n/a          |                 2 |         102 |               0 |       33.333 | clk_out1_QCS_4_Top_clk_wiz_0_0                                                             | QCS_4_Top_i/QCS_4_wrapper_0/inst/QCS_4_i/clk_cascade_0/inst/clk3_BUFG_inst/O | QCS_4_Top_i/QCS_4_wrapper_0/inst/QCS_4_i/clk_cascade_0/inst/clk3_BUFG |
| g7        | src4      | BUFG/O          | None       | BUFGCTRL_X0Y17 | n/a          |                 1 |          14 |               0 |       11.111 | clk_out2_QCS_4_Top_clk_wiz_0_0                                                             | QCS_4_Top_i/clk_wiz_0/inst/clkout2_buf/O                                     | QCS_4_Top_i/clk_wiz_0/inst/clk_out2                                   |
| g8        | src5      | BUFG/O          | None       | BUFGCTRL_X0Y18 | n/a          |                 1 |          14 |               0 |       13.333 | clk_out3_QCS_4_Top_clk_wiz_0_0                                                             | QCS_4_Top_i/clk_wiz_0/inst/clkout3_buf/O                                     | QCS_4_Top_i/clk_wiz_0/inst/clk_out3                                   |
| g9        | src6      | BUFG/O          | None       | BUFGCTRL_X0Y19 | n/a          |                 1 |          14 |               0 |       33.333 | clk_out4_QCS_4_Top_clk_wiz_0_0                                                             | QCS_4_Top_i/clk_wiz_0/inst/clkout4_buf/O                                     | QCS_4_Top_i/clk_wiz_0/inst/clk_out4                                   |
| g10       | src7      | BUFG/O          | None       | BUFGCTRL_X0Y20 | n/a          |                 1 |           9 |               0 |        6.667 | clk_out5_QCS_4_Top_clk_wiz_0_0                                                             | QCS_4_Top_i/clk_wiz_0/inst/clkout5_buf/O                                     | QCS_4_Top_i/clk_wiz_0/inst/clk_out5                                   |
| g11       | src8      | BUFG/O          | None       | BUFGCTRL_X0Y21 | n/a          |                 1 |           1 |               0 |       10.000 | clkfbout_QCS_4_Top_clk_wiz_0_0                                                             | QCS_4_Top_i/clk_wiz_0/inst/clkf_buf/O                                        | QCS_4_Top_i/clk_wiz_0/inst/clkfbout_buf_QCS_4_Top_clk_wiz_0_0         |
+-----------+-----------+-----------------+------------+----------------+--------------+-------------------+-------------+-----------------+--------------+--------------------------------------------------------------------------------------------+------------------------------------------------------------------------------+-----------------------------------------------------------------------+
* Clock Loads column represents cell count of net connects that connect to a clock pin. Internal cell leaf pins are not considered
** Non-Clock Loads column represents cell count of non-clock pin loads


3. Global Clock Source Details
------------------------------

+-----------+-----------+--------------------+------------+----------------+--------------+-------------+-----------------+---------------------+--------------------------------------------------------------------------------------------+--------------------------------------------------------------------------------------------+-------------------------------------------------------------------+
| Source Id | Global Id | Driver Type/Pin    | Constraint | Site           | Clock Region | Clock Loads | Non-Clock Loads | Source Clock Period | Source Clock                                                                               | Driver Pin                                                                                 | Net                                                               |
+-----------+-----------+--------------------+------------+----------------+--------------+-------------+-----------------+---------------------+--------------------------------------------------------------------------------------------+--------------------------------------------------------------------------------------------+-------------------------------------------------------------------+
| src0      | g0        | PLLE2_ADV/CLKOUT0  | None       | PLLE2_ADV_X1Y1 | X1Y1         |           1 |               0 |              33.333 | clk_out1_QCS_4_Top_clk_wiz_0_0                                                             | QCS_4_Top_i/clk_wiz_0/inst/plle2_adv_inst/CLKOUT0                                          | QCS_4_Top_i/clk_wiz_0/inst/clk_out1_QCS_4_Top_clk_wiz_0_0         |
| src0      | g3        | LUT6/O             | None       | SLICE_X35Y47   | X0Y0         |           1 |               0 |              33.333 | clk_out1_QCS_4_Top_clk_wiz_0_0                                                             | QCS_4_Top_i/QCS_4_wrapper_0/inst/QCS_4_i/clk_cascade_0/inst/clk0_INST_0/O                  | QCS_4_Top_i/QCS_4_wrapper_0/inst/QCS_4_i/clk_cascade_0/inst/clk0  |
| src0      | g4        | LUT6/O             | None       | SLICE_X34Y46   | X0Y0         |           1 |               0 |              33.333 | clk_out1_QCS_4_Top_clk_wiz_0_0                                                             | QCS_4_Top_i/QCS_4_wrapper_0/inst/QCS_4_i/clk_cascade_0/inst/clk1_INST_0/O                  | QCS_4_Top_i/QCS_4_wrapper_0/inst/QCS_4_i/clk_cascade_0/inst/clk1  |
| src0      | g5        | LUT6/O             | None       | SLICE_X34Y46   | X0Y0         |           1 |               0 |              33.333 | clk_out1_QCS_4_Top_clk_wiz_0_0                                                             | QCS_4_Top_i/QCS_4_wrapper_0/inst/QCS_4_i/clk_cascade_0/inst/clk2_INST_0/O                  | QCS_4_Top_i/QCS_4_wrapper_0/inst/QCS_4_i/clk_cascade_0/inst/clk2  |
| src0      | g6        | LUT6/O             | None       | SLICE_X34Y46   | X0Y0         |           1 |               0 |              33.333 | clk_out1_QCS_4_Top_clk_wiz_0_0                                                             | QCS_4_Top_i/QCS_4_wrapper_0/inst/QCS_4_i/clk_cascade_0/inst/clk3_INST_0/O                  | QCS_4_Top_i/QCS_4_wrapper_0/inst/QCS_4_i/clk_cascade_0/inst/clk3  |
| src1      | g1        | BSCANE2/TCK        | None       | BSCAN_X0Y0     | X0Y0         |           1 |               0 |              33.000 | dbg_hub/inst/BSCANID.u_xsdbm_id/SWITCH_N_EXT_BSCAN.bscan_inst/SERIES7_BSCAN.bscan_inst/TCK | dbg_hub/inst/BSCANID.u_xsdbm_id/SWITCH_N_EXT_BSCAN.bscan_inst/SERIES7_BSCAN.bscan_inst/TCK | dbg_hub/inst/BSCANID.u_xsdbm_id/SWITCH_N_EXT_BSCAN.bscan_inst/TCK |
| src2      | g2        | BSCANE2/DRCK       | None       | BSCAN_X0Y1     | X0Y0         |           1 |               0 |              33.333 | QCS_4_Top_i/mdm_1/U0/Use_E2.BSCAN_I/Use_E2.BSCANE2_I/DRCK                                  | QCS_4_Top_i/mdm_1/U0/Use_E2.BSCAN_I/Use_E2.BSCANE2_I/DRCK                                  | QCS_4_Top_i/mdm_1/U0/Use_E2.BSCAN_I/DRCK                          |
| src3      | g2        | VCC/P              | None       |                | n/a          |           0 |               0 |                     |                                                                                            | QCS_4_Top_i/mdm_1/U0/No_Dbg_Reg_Access.BUFG_DRCK/VCC_1/P                                   | QCS_4_Top_i/mdm_1/U0/No_Dbg_Reg_Access.BUFG_DRCK/VCC_2            |
| src4      | g7        | PLLE2_ADV/CLKOUT1  | None       | PLLE2_ADV_X1Y1 | X1Y1         |           1 |               0 |              11.111 | clk_out2_QCS_4_Top_clk_wiz_0_0                                                             | QCS_4_Top_i/clk_wiz_0/inst/plle2_adv_inst/CLKOUT1                                          | QCS_4_Top_i/clk_wiz_0/inst/clk_out2_QCS_4_Top_clk_wiz_0_0         |
| src5      | g8        | PLLE2_ADV/CLKOUT2  | None       | PLLE2_ADV_X1Y1 | X1Y1         |           1 |               0 |              13.333 | clk_out3_QCS_4_Top_clk_wiz_0_0                                                             | QCS_4_Top_i/clk_wiz_0/inst/plle2_adv_inst/CLKOUT2                                          | QCS_4_Top_i/clk_wiz_0/inst/clk_out3_QCS_4_Top_clk_wiz_0_0         |
| src6      | g9        | PLLE2_ADV/CLKOUT3  | None       | PLLE2_ADV_X1Y1 | X1Y1         |           1 |               0 |              33.333 | clk_out4_QCS_4_Top_clk_wiz_0_0                                                             | QCS_4_Top_i/clk_wiz_0/inst/plle2_adv_inst/CLKOUT3                                          | QCS_4_Top_i/clk_wiz_0/inst/clk_out4_QCS_4_Top_clk_wiz_0_0         |
| src7      | g10       | PLLE2_ADV/CLKOUT4  | None       | PLLE2_ADV_X1Y1 | X1Y1         |           1 |               0 |               6.667 | clk_out5_QCS_4_Top_clk_wiz_0_0                                                             | QCS_4_Top_i/clk_wiz_0/inst/plle2_adv_inst/CLKOUT4                                          | QCS_4_Top_i/clk_wiz_0/inst/clk_out5_QCS_4_Top_clk_wiz_0_0         |
| src8      | g11       | PLLE2_ADV/CLKFBOUT | None       | PLLE2_ADV_X1Y1 | X1Y1         |           1 |               0 |              10.000 | clkfbout_QCS_4_Top_clk_wiz_0_0                                                             | QCS_4_Top_i/clk_wiz_0/inst/plle2_adv_inst/CLKFBOUT                                         | QCS_4_Top_i/clk_wiz_0/inst/clkfbout_QCS_4_Top_clk_wiz_0_0         |
+-----------+-----------+--------------------+------------+----------------+--------------+-------------+-----------------+---------------------+--------------------------------------------------------------------------------------------+--------------------------------------------------------------------------------------------+-------------------------------------------------------------------+
* Clock Loads column represents cell count of net connects that connect to a clock pin. Internal cell leaf pins are not considered
** Non-Clock Loads column represents cell count of non-clock pin loads


4. Clock Regions: Key Resource Utilization
------------------------------------------

+-------------------+--------------+--------------+--------------+--------------+--------------+--------------+--------------+--------------+--------------+--------------+--------------+--------------+--------------+--------------+--------------+
|                   | Global Clock |     BUFRs    |    BUFMRs    |    BUFIOs    |     MMCM     |      PLL     |      GT      |      PCI     |    ILOGIC    |    OLOGIC    |      FF      |     LUTM     |    RAMB18    |    RAMB36    |    DSP48E2   |
+-------------------+------+-------+------+-------+------+-------+------+-------+------+-------+------+-------+------+-------+------+-------+------+-------+------+-------+------+-------+------+-------+------+-------+------+-------+------+-------+
| Clock Region Name | Used | Avail | Used | Avail | Used | Avail | Used | Avail | Used | Avail | Used | Avail | Used | Avail | Used | Avail | Used | Avail | Used | Avail | Used | Avail | Used | Avail | Used | Avail | Used | Avail | Used | Avail |
+-------------------+------+-------+------+-------+------+-------+------+-------+------+-------+------+-------+------+-------+------+-------+------+-------+------+-------+------+-------+------+-------+------+-------+------+-------+------+-------+
| X0Y0              |    3 |    12 |    0 |     4 |    0 |     2 |    0 |     4 |    0 |     1 |    0 |     1 |    0 |     0 |    0 |     0 |    0 |    50 |    0 |    50 |  923 |  1200 |  288 |   400 |    0 |    20 |    1 |    10 |    0 |    20 |
| X1Y0              |   10 |    12 |    0 |     4 |    0 |     2 |    0 |     4 |    0 |     1 |    0 |     1 |    0 |     0 |    0 |     0 |    0 |    50 |    0 |    50 | 3339 |  1500 | 1314 |   450 |    0 |    40 |   19 |    20 |    0 |    20 |
| X0Y1              |    2 |    12 |    0 |     4 |    0 |     2 |    0 |     4 |    0 |     1 |    0 |     1 |    0 |     0 |    0 |     0 |    0 |    50 |    0 |    50 |  367 |  1200 |  134 |   400 |    0 |    20 |    8 |    10 |    0 |    20 |
| X1Y1              |    3 |    12 |    0 |     4 |    0 |     2 |    0 |     4 |    0 |     1 |    1 |     1 |    0 |     0 |    0 |     0 |    0 |    50 |    0 |    50 | 1689 |  1500 |  526 |   450 |    0 |    40 |   19 |    20 |    3 |    20 |
| X0Y2              |    0 |    12 |    0 |     4 |    0 |     2 |    0 |     4 |    0 |     1 |    0 |     1 |    0 |     0 |    0 |     0 |    0 |    50 |    0 |    50 |    0 |  1800 |    0 |   400 |    0 |    20 |    0 |    10 |    0 |    20 |
| X1Y2              |    0 |    12 |    0 |     0 |    0 |     0 |    0 |     0 |    0 |     0 |    0 |     0 |    0 |     4 |    0 |     1 |    0 |     0 |    0 |     0 |    0 |   950 |    0 |   300 |    0 |    10 |    0 |     5 |    0 |    20 |
+-------------------+------+-------+------+-------+------+-------+------+-------+------+-------+------+-------+------+-------+------+-------+------+-------+------+-------+------+-------+------+-------+------+-------+------+-------+------+-------+
* Global Clock column represents track count; while other columns represents cell counts


5. Clock Regions : Global Clock Summary
---------------------------------------

All Modules
+----+----+----+
|    | X0 | X1 |
+----+----+----+
| Y2 |  0 |  0 |
| Y1 |  0 |  0 |
| Y0 |  0 |  0 |
+----+----+----+


6. Device Cell Placement Summary for Global Clock g0
----------------------------------------------------

+-----------+-----------------+-------------------+--------------------------------+-------------+----------------+-------------+----------+----------------+----------+-------------------------------------+
| Global Id | Driver Type/Pin | Driver Region (D) | Clock                          | Period (ns) | Waveform (ns)  | Slice Loads | IO Loads | Clocking Loads | GT Loads | Net                                 |
+-----------+-----------------+-------------------+--------------------------------+-------------+----------------+-------------+----------+----------------+----------+-------------------------------------+
| g0        | BUFG/O          | n/a               | clk_out1_QCS_4_Top_clk_wiz_0_0 |      33.333 | {0.000 16.667} |        5623 |        0 |              0 |        0 | QCS_4_Top_i/clk_wiz_0/inst/clk_out1 |
+-----------+-----------------+-------------------+--------------------------------+-------------+----------------+-------------+----------+----------------+----------+-------------------------------------+
* Slice Loads column represents load cell count of all cell types other than IO, GT and clock resources
** IO Loads column represents load cell count of IO types
*** Clocking Loads column represents load cell count that are clock resources (global clock buffer, MMCM, PLL, etc)
**** GT Loads column represents load cell count of GT types


+----+------+-------+-----------------------+
|    | X0   | X1    | HORIZONTAL PROG DELAY |
+----+------+-------+-----------------------+
| Y2 |    0 |     0 |                     - |
| Y1 |  263 |  1698 |                     0 |
| Y0 |  503 |  3159 |                     0 |
+----+------+-------+-----------------------+


7. Device Cell Placement Summary for Global Clock g1
----------------------------------------------------

+-----------+-----------------+-------------------+--------------------------------------------------------------------------------------------+-------------+----------------+-------------+----------+----------------+----------+----------------------------------------+
| Global Id | Driver Type/Pin | Driver Region (D) | Clock                                                                                      | Period (ns) | Waveform (ns)  | Slice Loads | IO Loads | Clocking Loads | GT Loads | Net                                    |
+-----------+-----------------+-------------------+--------------------------------------------------------------------------------------------+-------------+----------------+-------------+----------+----------------+----------+----------------------------------------+
| g1        | BUFG/O          | n/a               | dbg_hub/inst/BSCANID.u_xsdbm_id/SWITCH_N_EXT_BSCAN.bscan_inst/SERIES7_BSCAN.bscan_inst/TCK |      33.000 | {0.000 16.500} |         458 |        0 |              0 |        0 | dbg_hub/inst/BSCANID.u_xsdbm_id/itck_i |
+-----------+-----------------+-------------------+--------------------------------------------------------------------------------------------+-------------+----------------+-------------+----------+----------------+----------+----------------------------------------+
* Slice Loads column represents load cell count of all cell types other than IO, GT and clock resources
** IO Loads column represents load cell count of IO types
*** Clocking Loads column represents load cell count that are clock resources (global clock buffer, MMCM, PLL, etc)
**** GT Loads column represents load cell count of GT types


+----+------+-----+-----------------------+
|    | X0   | X1  | HORIZONTAL PROG DELAY |
+----+------+-----+-----------------------+
| Y2 |    0 |   0 |                     - |
| Y1 |    0 |   0 |                     - |
| Y0 |  401 |  57 |                     0 |
+----+------+-----+-----------------------+


8. Device Cell Placement Summary for Global Clock g2
----------------------------------------------------

+-----------+-----------------+-------------------+-----------------------------------------------------------+-------------+----------------+-------------+----------+----------------+----------+------------------------------------------------------------+
| Global Id | Driver Type/Pin | Driver Region (D) | Clock                                                     | Period (ns) | Waveform (ns)  | Slice Loads | IO Loads | Clocking Loads | GT Loads | Net                                                        |
+-----------+-----------------+-------------------+-----------------------------------------------------------+-------------+----------------+-------------+----------+----------------+----------+------------------------------------------------------------+
| g2        | BUFGCTRL/O      | n/a               | QCS_4_Top_i/mdm_1/U0/Use_E2.BSCAN_I/Use_E2.BSCANE2_I/DRCK |      33.333 | {0.000 16.667} |         233 |        0 |              0 |        0 | QCS_4_Top_i/mdm_1/U0/No_Dbg_Reg_Access.BUFG_DRCK/Dbg_Clk_0 |
+-----------+-----------------+-------------------+-----------------------------------------------------------+-------------+----------------+-------------+----------+----------------+----------+------------------------------------------------------------+
* Slice Loads column represents load cell count of all cell types other than IO, GT and clock resources
** IO Loads column represents load cell count of IO types
*** Clocking Loads column represents load cell count that are clock resources (global clock buffer, MMCM, PLL, etc)
**** GT Loads column represents load cell count of GT types


+----+------+-----+-----------------------+
|    | X0   | X1  | HORIZONTAL PROG DELAY |
+----+------+-----+-----------------------+
| Y2 |    0 |   0 |                     - |
| Y1 |  175 |  58 |                     0 |
| Y0 |    0 |   0 |                     - |
+----+------+-----+-----------------------+


9. Device Cell Placement Summary for Global Clock g3
----------------------------------------------------

+-----------+-----------------+-------------------+--------------------------------+-------------+----------------+-------------+----------+----------------+----------+-----------------------------------------------------------------------+
| Global Id | Driver Type/Pin | Driver Region (D) | Clock                          | Period (ns) | Waveform (ns)  | Slice Loads | IO Loads | Clocking Loads | GT Loads | Net                                                                   |
+-----------+-----------------+-------------------+--------------------------------+-------------+----------------+-------------+----------+----------------+----------+-----------------------------------------------------------------------+
| g3        | BUFG/O          | n/a               | clk_out1_QCS_4_Top_clk_wiz_0_0 |      33.333 | {0.000 16.667} |         102 |        0 |              0 |        0 | QCS_4_Top_i/QCS_4_wrapper_0/inst/QCS_4_i/clk_cascade_0/inst/clk0_BUFG |
+-----------+-----------------+-------------------+--------------------------------+-------------+----------------+-------------+----------+----------------+----------+-----------------------------------------------------------------------+
* Slice Loads column represents load cell count of all cell types other than IO, GT and clock resources
** IO Loads column represents load cell count of IO types
*** Clocking Loads column represents load cell count that are clock resources (global clock buffer, MMCM, PLL, etc)
**** GT Loads column represents load cell count of GT types


+----+----+------+-----------------------+
|    | X0 | X1   | HORIZONTAL PROG DELAY |
+----+----+------+-----------------------+
| Y2 |  0 |    0 |                     - |
| Y1 |  0 |    0 |                     - |
| Y0 |  0 |  102 |                     0 |
+----+----+------+-----------------------+


10. Device Cell Placement Summary for Global Clock g4
-----------------------------------------------------

+-----------+-----------------+-------------------+--------------------------------+-------------+----------------+-------------+----------+----------------+----------+-----------------------------------------------------------------------+
| Global Id | Driver Type/Pin | Driver Region (D) | Clock                          | Period (ns) | Waveform (ns)  | Slice Loads | IO Loads | Clocking Loads | GT Loads | Net                                                                   |
+-----------+-----------------+-------------------+--------------------------------+-------------+----------------+-------------+----------+----------------+----------+-----------------------------------------------------------------------+
| g4        | BUFG/O          | n/a               | clk_out1_QCS_4_Top_clk_wiz_0_0 |      33.333 | {0.000 16.667} |         102 |        0 |              0 |        0 | QCS_4_Top_i/QCS_4_wrapper_0/inst/QCS_4_i/clk_cascade_0/inst/clk1_BUFG |
+-----------+-----------------+-------------------+--------------------------------+-------------+----------------+-------------+----------+----------------+----------+-----------------------------------------------------------------------+
* Slice Loads column represents load cell count of all cell types other than IO, GT and clock resources
** IO Loads column represents load cell count of IO types
*** Clocking Loads column represents load cell count that are clock resources (global clock buffer, MMCM, PLL, etc)
**** GT Loads column represents load cell count of GT types


+----+----+------+-----------------------+
|    | X0 | X1   | HORIZONTAL PROG DELAY |
+----+----+------+-----------------------+
| Y2 |  0 |    0 |                     - |
| Y1 |  0 |    0 |                     - |
| Y0 |  0 |  102 |                     0 |
+----+----+------+-----------------------+


11. Device Cell Placement Summary for Global Clock g5
-----------------------------------------------------

+-----------+-----------------+-------------------+--------------------------------+-------------+----------------+-------------+----------+----------------+----------+-----------------------------------------------------------------------+
| Global Id | Driver Type/Pin | Driver Region (D) | Clock                          | Period (ns) | Waveform (ns)  | Slice Loads | IO Loads | Clocking Loads | GT Loads | Net                                                                   |
+-----------+-----------------+-------------------+--------------------------------+-------------+----------------+-------------+----------+----------------+----------+-----------------------------------------------------------------------+
| g5        | BUFG/O          | n/a               | clk_out1_QCS_4_Top_clk_wiz_0_0 |      33.333 | {0.000 16.667} |         102 |        0 |              0 |        0 | QCS_4_Top_i/QCS_4_wrapper_0/inst/QCS_4_i/clk_cascade_0/inst/clk2_BUFG |
+-----------+-----------------+-------------------+--------------------------------+-------------+----------------+-------------+----------+----------------+----------+-----------------------------------------------------------------------+
* Slice Loads column represents load cell count of all cell types other than IO, GT and clock resources
** IO Loads column represents load cell count of IO types
*** Clocking Loads column represents load cell count that are clock resources (global clock buffer, MMCM, PLL, etc)
**** GT Loads column represents load cell count of GT types


+----+----+------+-----------------------+
|    | X0 | X1   | HORIZONTAL PROG DELAY |
+----+----+------+-----------------------+
| Y2 |  0 |    0 |                     - |
| Y1 |  0 |    0 |                     - |
| Y0 |  0 |  102 |                     0 |
+----+----+------+-----------------------+


12. Device Cell Placement Summary for Global Clock g6
-----------------------------------------------------

+-----------+-----------------+-------------------+--------------------------------+-------------+----------------+-------------+----------+----------------+----------+-----------------------------------------------------------------------+
| Global Id | Driver Type/Pin | Driver Region (D) | Clock                          | Period (ns) | Waveform (ns)  | Slice Loads | IO Loads | Clocking Loads | GT Loads | Net                                                                   |
+-----------+-----------------+-------------------+--------------------------------+-------------+----------------+-------------+----------+----------------+----------+-----------------------------------------------------------------------+
| g6        | BUFG/O          | n/a               | clk_out1_QCS_4_Top_clk_wiz_0_0 |      33.333 | {0.000 16.667} |         102 |        0 |              0 |        0 | QCS_4_Top_i/QCS_4_wrapper_0/inst/QCS_4_i/clk_cascade_0/inst/clk3_BUFG |
+-----------+-----------------+-------------------+--------------------------------+-------------+----------------+-------------+----------+----------------+----------+-----------------------------------------------------------------------+
* Slice Loads column represents load cell count of all cell types other than IO, GT and clock resources
** IO Loads column represents load cell count of IO types
*** Clocking Loads column represents load cell count that are clock resources (global clock buffer, MMCM, PLL, etc)
**** GT Loads column represents load cell count of GT types


+----+-----+-----+-----------------------+
|    | X0  | X1  | HORIZONTAL PROG DELAY |
+----+-----+-----+-----------------------+
| Y2 |   0 |   0 |                     - |
| Y1 |   0 |   0 |                     - |
| Y0 |  34 |  68 |                     0 |
+----+-----+-----+-----------------------+


13. Device Cell Placement Summary for Global Clock g7
-----------------------------------------------------

+-----------+-----------------+-------------------+--------------------------------+-------------+---------------+-------------+----------+----------------+----------+-------------------------------------+
| Global Id | Driver Type/Pin | Driver Region (D) | Clock                          | Period (ns) | Waveform (ns) | Slice Loads | IO Loads | Clocking Loads | GT Loads | Net                                 |
+-----------+-----------------+-------------------+--------------------------------+-------------+---------------+-------------+----------+----------------+----------+-------------------------------------+
| g7        | BUFG/O          | n/a               | clk_out2_QCS_4_Top_clk_wiz_0_0 |      11.111 | {0.000 5.556} |          14 |        0 |              0 |        0 | QCS_4_Top_i/clk_wiz_0/inst/clk_out2 |
+-----------+-----------------+-------------------+--------------------------------+-------------+---------------+-------------+----------+----------------+----------+-------------------------------------+
* Slice Loads column represents load cell count of all cell types other than IO, GT and clock resources
** IO Loads column represents load cell count of IO types
*** Clocking Loads column represents load cell count that are clock resources (global clock buffer, MMCM, PLL, etc)
**** GT Loads column represents load cell count of GT types


+----+----+-----+-----------------------+
|    | X0 | X1  | HORIZONTAL PROG DELAY |
+----+----+-----+-----------------------+
| Y2 |  0 |   0 |                     - |
| Y1 |  0 |   0 |                     - |
| Y0 |  0 |  14 |                     0 |
+----+----+-----+-----------------------+


14. Device Cell Placement Summary for Global Clock g8
-----------------------------------------------------

+-----------+-----------------+-------------------+--------------------------------+-------------+---------------+-------------+----------+----------------+----------+-------------------------------------+
| Global Id | Driver Type/Pin | Driver Region (D) | Clock                          | Period (ns) | Waveform (ns) | Slice Loads | IO Loads | Clocking Loads | GT Loads | Net                                 |
+-----------+-----------------+-------------------+--------------------------------+-------------+---------------+-------------+----------+----------------+----------+-------------------------------------+
| g8        | BUFG/O          | n/a               | clk_out3_QCS_4_Top_clk_wiz_0_0 |      13.333 | {0.000 6.667} |          14 |        0 |              0 |        0 | QCS_4_Top_i/clk_wiz_0/inst/clk_out3 |
+-----------+-----------------+-------------------+--------------------------------+-------------+---------------+-------------+----------+----------------+----------+-------------------------------------+
* Slice Loads column represents load cell count of all cell types other than IO, GT and clock resources
** IO Loads column represents load cell count of IO types
*** Clocking Loads column represents load cell count that are clock resources (global clock buffer, MMCM, PLL, etc)
**** GT Loads column represents load cell count of GT types


+----+----+-----+-----------------------+
|    | X0 | X1  | HORIZONTAL PROG DELAY |
+----+----+-----+-----------------------+
| Y2 |  0 |   0 |                     - |
| Y1 |  0 |   0 |                     - |
| Y0 |  0 |  14 |                     0 |
+----+----+-----+-----------------------+


15. Device Cell Placement Summary for Global Clock g9
-----------------------------------------------------

+-----------+-----------------+-------------------+--------------------------------+-------------+----------------+-------------+----------+----------------+----------+-------------------------------------+
| Global Id | Driver Type/Pin | Driver Region (D) | Clock                          | Period (ns) | Waveform (ns)  | Slice Loads | IO Loads | Clocking Loads | GT Loads | Net                                 |
+-----------+-----------------+-------------------+--------------------------------+-------------+----------------+-------------+----------+----------------+----------+-------------------------------------+
| g9        | BUFG/O          | n/a               | clk_out4_QCS_4_Top_clk_wiz_0_0 |      33.333 | {0.000 16.667} |          14 |        0 |              0 |        0 | QCS_4_Top_i/clk_wiz_0/inst/clk_out4 |
+-----------+-----------------+-------------------+--------------------------------+-------------+----------------+-------------+----------+----------------+----------+-------------------------------------+
* Slice Loads column represents load cell count of all cell types other than IO, GT and clock resources
** IO Loads column represents load cell count of IO types
*** Clocking Loads column represents load cell count that are clock resources (global clock buffer, MMCM, PLL, etc)
**** GT Loads column represents load cell count of GT types


+----+----+-----+-----------------------+
|    | X0 | X1  | HORIZONTAL PROG DELAY |
+----+----+-----+-----------------------+
| Y2 |  0 |   0 |                     - |
| Y1 |  0 |   0 |                     - |
| Y0 |  0 |  14 |                     0 |
+----+----+-----+-----------------------+


16. Device Cell Placement Summary for Global Clock g10
------------------------------------------------------

+-----------+-----------------+-------------------+--------------------------------+-------------+---------------+-------------+----------+----------------+----------+-------------------------------------+
| Global Id | Driver Type/Pin | Driver Region (D) | Clock                          | Period (ns) | Waveform (ns) | Slice Loads | IO Loads | Clocking Loads | GT Loads | Net                                 |
+-----------+-----------------+-------------------+--------------------------------+-------------+---------------+-------------+----------+----------------+----------+-------------------------------------+
| g10       | BUFG/O          | n/a               | clk_out5_QCS_4_Top_clk_wiz_0_0 |       6.667 | {0.000 3.333} |           9 |        0 |              0 |        0 | QCS_4_Top_i/clk_wiz_0/inst/clk_out5 |
+-----------+-----------------+-------------------+--------------------------------+-------------+---------------+-------------+----------+----------------+----------+-------------------------------------+
* Slice Loads column represents load cell count of all cell types other than IO, GT and clock resources
** IO Loads column represents load cell count of IO types
*** Clocking Loads column represents load cell count that are clock resources (global clock buffer, MMCM, PLL, etc)
**** GT Loads column represents load cell count of GT types


+----+----+----+-----------------------+
|    | X0 | X1 | HORIZONTAL PROG DELAY |
+----+----+----+-----------------------+
| Y2 |  0 |  0 |                     - |
| Y1 |  0 |  0 |                     - |
| Y0 |  0 |  9 |                     0 |
+----+----+----+-----------------------+


17. Device Cell Placement Summary for Global Clock g11
------------------------------------------------------

+-----------+-----------------+-------------------+--------------------------------+-------------+---------------+-------------+----------+----------------+----------+---------------------------------------------------------------+
| Global Id | Driver Type/Pin | Driver Region (D) | Clock                          | Period (ns) | Waveform (ns) | Slice Loads | IO Loads | Clocking Loads | GT Loads | Net                                                           |
+-----------+-----------------+-------------------+--------------------------------+-------------+---------------+-------------+----------+----------------+----------+---------------------------------------------------------------+
| g11       | BUFG/O          | n/a               | clkfbout_QCS_4_Top_clk_wiz_0_0 |      10.000 | {0.000 5.000} |           0 |        0 |              1 |        0 | QCS_4_Top_i/clk_wiz_0/inst/clkfbout_buf_QCS_4_Top_clk_wiz_0_0 |
+-----------+-----------------+-------------------+--------------------------------+-------------+---------------+-------------+----------+----------------+----------+---------------------------------------------------------------+
* Slice Loads column represents load cell count of all cell types other than IO, GT and clock resources
** IO Loads column represents load cell count of IO types
*** Clocking Loads column represents load cell count that are clock resources (global clock buffer, MMCM, PLL, etc)
**** GT Loads column represents load cell count of GT types


+----+----+----+-----------------------+
|    | X0 | X1 | HORIZONTAL PROG DELAY |
+----+----+----+-----------------------+
| Y2 |  0 |  0 |                     - |
| Y1 |  0 |  1 |                     0 |
| Y0 |  0 |  0 |                     - |
+----+----+----+-----------------------+


18. Clock Region Cell Placement per Global Clock: Region X0Y0
-------------------------------------------------------------

+-----------+-------+-----------------+------------+-------------+-----------------+-----+-------------+------+-----+----+------+-----+---------+-----------------------------------------------------------------------+
| Global Id | Track | Driver Type/Pin | Constraint | Clock Loads | Non-Clock Loads | FF  | Memory LUTs | RAMB | DSP | GT | MMCM | PLL | Hard IP | Net                                                                   |
+-----------+-------+-----------------+------------+-------------+-----------------+-----+-------------+------+-----+----+------+-----+---------+-----------------------------------------------------------------------+
| g0        | n/a   | BUFG/O          | None       |         498 |               5 | 488 |           9 |    1 |   0 |  0 |    0 |   0 |       0 | QCS_4_Top_i/clk_wiz_0/inst/clk_out1                                   |
| g1        | n/a   | BUFG/O          | None       |         401 |               0 | 401 |           0 |    0 |   0 |  0 |    0 |   0 |       0 | dbg_hub/inst/BSCANID.u_xsdbm_id/itck_i                                |
| g6        | n/a   | BUFG/O          | None       |          34 |               0 |  34 |           0 |    0 |   0 |  0 |    0 |   0 |       0 | QCS_4_Top_i/QCS_4_wrapper_0/inst/QCS_4_i/clk_cascade_0/inst/clk3_BUFG |
+-----------+-------+-----------------+------------+-------------+-----------------+-----+-------------+------+-----+----+------+-----+---------+-----------------------------------------------------------------------+
* Clock Loads column represents cell count of net connects that connect to a clock pin. Internal cell leaf pins are not considered
** Non-Clock Loads column represents cell count of non-clock pin loads
*** Columns FF, LUTRAM, RAMB through 'Hard IP' represents load cell counts


19. Clock Region Cell Placement per Global Clock: Region X1Y0
-------------------------------------------------------------

+-----------+-------+-----------------+------------+-------------+-----------------+------+-------------+------+-----+----+------+-----+---------+-----------------------------------------------------------------------+
| Global Id | Track | Driver Type/Pin | Constraint | Clock Loads | Non-Clock Loads | FF   | Memory LUTs | RAMB | DSP | GT | MMCM | PLL | Hard IP | Net                                                                   |
+-----------+-------+-----------------+------------+-------------+-----------------+------+-------------+------+-----+----+------+-----+---------+-----------------------------------------------------------------------+
| g0        | n/a   | BUFG/O          | None       |        3159 |               0 | 2865 |         282 |   11 |   0 |  0 |    0 |   0 |       0 | QCS_4_Top_i/clk_wiz_0/inst/clk_out1                                   |
| g1        | n/a   | BUFG/O          | None       |          57 |               0 |   57 |           0 |    0 |   0 |  0 |    0 |   0 |       0 | dbg_hub/inst/BSCANID.u_xsdbm_id/itck_i                                |
| g3        | n/a   | BUFG/O          | None       |         102 |               0 |  102 |           0 |    0 |   0 |  0 |    0 |   0 |       0 | QCS_4_Top_i/QCS_4_wrapper_0/inst/QCS_4_i/clk_cascade_0/inst/clk0_BUFG |
| g4        | n/a   | BUFG/O          | None       |         102 |               0 |  102 |           0 |    0 |   0 |  0 |    0 |   0 |       0 | QCS_4_Top_i/QCS_4_wrapper_0/inst/QCS_4_i/clk_cascade_0/inst/clk1_BUFG |
| g5        | n/a   | BUFG/O          | None       |         102 |               0 |  102 |           0 |    0 |   0 |  0 |    0 |   0 |       0 | QCS_4_Top_i/QCS_4_wrapper_0/inst/QCS_4_i/clk_cascade_0/inst/clk2_BUFG |
| g6        | n/a   | BUFG/O          | None       |          68 |               0 |   68 |           0 |    0 |   0 |  0 |    0 |   0 |       0 | QCS_4_Top_i/QCS_4_wrapper_0/inst/QCS_4_i/clk_cascade_0/inst/clk3_BUFG |
| g7        | n/a   | BUFG/O          | None       |          14 |               0 |   14 |           0 |    0 |   0 |  0 |    0 |   0 |       0 | QCS_4_Top_i/clk_wiz_0/inst/clk_out2                                   |
| g8        | n/a   | BUFG/O          | None       |          14 |               0 |   14 |           0 |    0 |   0 |  0 |    0 |   0 |       0 | QCS_4_Top_i/clk_wiz_0/inst/clk_out3                                   |
| g9        | n/a   | BUFG/O          | None       |          14 |               0 |   14 |           0 |    0 |   0 |  0 |    0 |   0 |       0 | QCS_4_Top_i/clk_wiz_0/inst/clk_out4                                   |
| g10       | n/a   | BUFG/O          | None       |           9 |               0 |    1 |           0 |    8 |   0 |  0 |    0 |   0 |       0 | QCS_4_Top_i/clk_wiz_0/inst/clk_out5                                   |
+-----------+-------+-----------------+------------+-------------+-----------------+------+-------------+------+-----+----+------+-----+---------+-----------------------------------------------------------------------+
* Clock Loads column represents cell count of net connects that connect to a clock pin. Internal cell leaf pins are not considered
** Non-Clock Loads column represents cell count of non-clock pin loads
*** Columns FF, LUTRAM, RAMB through 'Hard IP' represents load cell counts


20. Clock Region Cell Placement per Global Clock: Region X0Y1
-------------------------------------------------------------

+-----------+-------+-----------------+------------+-------------+-----------------+-----+-------------+------+-----+----+------+-----+---------+------------------------------------------------------------+
| Global Id | Track | Driver Type/Pin | Constraint | Clock Loads | Non-Clock Loads | FF  | Memory LUTs | RAMB | DSP | GT | MMCM | PLL | Hard IP | Net                                                        |
+-----------+-------+-----------------+------------+-------------+-----------------+-----+-------------+------+-----+----+------+-----+---------+------------------------------------------------------------+
| g0        | n/a   | BUFG/O          | None       |         263 |               0 | 215 |          40 |    8 |   0 |  0 |    0 |   0 |       0 | QCS_4_Top_i/clk_wiz_0/inst/clk_out1                        |
| g2        | n/a   | BUFGCTRL/O      | None       |         175 |               0 | 152 |          23 |    0 |   0 |  0 |    0 |   0 |       0 | QCS_4_Top_i/mdm_1/U0/No_Dbg_Reg_Access.BUFG_DRCK/Dbg_Clk_0 |
+-----------+-------+-----------------+------------+-------------+-----------------+-----+-------------+------+-----+----+------+-----+---------+------------------------------------------------------------+
* Clock Loads column represents cell count of net connects that connect to a clock pin. Internal cell leaf pins are not considered
** Non-Clock Loads column represents cell count of non-clock pin loads
*** Columns FF, LUTRAM, RAMB through 'Hard IP' represents load cell counts


21. Clock Region Cell Placement per Global Clock: Region X1Y1
-------------------------------------------------------------

+-----------+-------+-----------------+------------+-------------+-----------------+------+-------------+------+-----+----+------+-----+---------+---------------------------------------------------------------+
| Global Id | Track | Driver Type/Pin | Constraint | Clock Loads | Non-Clock Loads | FF   | Memory LUTs | RAMB | DSP | GT | MMCM | PLL | Hard IP | Net                                                           |
+-----------+-------+-----------------+------------+-------------+-----------------+------+-------------+------+-----+----+------+-----+---------+---------------------------------------------------------------+
| g0        | n/a   | BUFG/O          | None       |        1698 |               0 | 1631 |          45 |   19 |   3 |  0 |    0 |   0 |       0 | QCS_4_Top_i/clk_wiz_0/inst/clk_out1                           |
| g2        | n/a   | BUFGCTRL/O      | None       |          58 |               0 |   58 |           0 |    0 |   0 |  0 |    0 |   0 |       0 | QCS_4_Top_i/mdm_1/U0/No_Dbg_Reg_Access.BUFG_DRCK/Dbg_Clk_0    |
| g11       | n/a   | BUFG/O          | None       |           1 |               0 |    0 |           0 |    0 |   0 |  0 |    0 |   1 |       0 | QCS_4_Top_i/clk_wiz_0/inst/clkfbout_buf_QCS_4_Top_clk_wiz_0_0 |
+-----------+-------+-----------------+------------+-------------+-----------------+------+-------------+------+-----+----+------+-----+---------+---------------------------------------------------------------+
* Clock Loads column represents cell count of net connects that connect to a clock pin. Internal cell leaf pins are not considered
** Non-Clock Loads column represents cell count of non-clock pin loads
*** Columns FF, LUTRAM, RAMB through 'Hard IP' represents load cell counts



# Location of BUFG Primitives 
set_property LOC BUFGCTRL_X0Y0 [get_cells dbg_hub/inst/BSCANID.u_xsdbm_id/SWITCH_N_EXT_BSCAN.u_bufg_icon_tck]
set_property LOC BUFGCTRL_X0Y1 [get_cells QCS_4_Top_i/mdm_1/U0/No_Dbg_Reg_Access.BUFG_DRCK/Using_FPGA.Native]
set_property LOC BUFGCTRL_X0Y21 [get_cells QCS_4_Top_i/clk_wiz_0/inst/clkf_buf]
set_property LOC BUFGCTRL_X0Y20 [get_cells QCS_4_Top_i/clk_wiz_0/inst/clkout5_buf]
set_property LOC BUFGCTRL_X0Y19 [get_cells QCS_4_Top_i/clk_wiz_0/inst/clkout4_buf]
set_property LOC BUFGCTRL_X0Y18 [get_cells QCS_4_Top_i/clk_wiz_0/inst/clkout3_buf]
set_property LOC BUFGCTRL_X0Y17 [get_cells QCS_4_Top_i/clk_wiz_0/inst/clkout2_buf]
set_property LOC BUFGCTRL_X0Y16 [get_cells QCS_4_Top_i/clk_wiz_0/inst/clkout1_buf]
set_property LOC BUFGCTRL_X0Y5 [get_cells QCS_4_Top_i/QCS_4_wrapper_0/inst/QCS_4_i/clk_cascade_0/inst/clk3_BUFG_inst]
set_property LOC BUFGCTRL_X0Y4 [get_cells QCS_4_Top_i/QCS_4_wrapper_0/inst/QCS_4_i/clk_cascade_0/inst/clk2_BUFG_inst]
set_property LOC BUFGCTRL_X0Y3 [get_cells QCS_4_Top_i/QCS_4_wrapper_0/inst/QCS_4_i/clk_cascade_0/inst/clk1_BUFG_inst]
set_property LOC BUFGCTRL_X0Y2 [get_cells QCS_4_Top_i/QCS_4_wrapper_0/inst/QCS_4_i/clk_cascade_0/inst/clk0_BUFG_inst]

# Location of IO Primitives which is load of clock spine

# Location of clock ports
set_property LOC IOB_X1Y76 [get_ports sys_clock]

# Clock net "dbg_hub/inst/BSCANID.u_xsdbm_id/itck_i" driven by instance "dbg_hub/inst/BSCANID.u_xsdbm_id/SWITCH_N_EXT_BSCAN.u_bufg_icon_tck" located at site "BUFGCTRL_X0Y0"
#startgroup
create_pblock {CLKAG_dbg_hub/inst/BSCANID.u_xsdbm_id/itck_i}
add_cells_to_pblock [get_pblocks  {CLKAG_dbg_hub/inst/BSCANID.u_xsdbm_id/itck_i}] [get_cells -filter { PRIMITIVE_GROUP != I/O && IS_PRIMITIVE==1 && PRIMITIVE_LEVEL !=INTERNAL } -of_object [get_pins -leaf -filter {DIRECTION==IN} -of_objects [get_nets {dbg_hub/inst/BSCANID.u_xsdbm_id/itck_i}]]]
resize_pblock [get_pblocks {CLKAG_dbg_hub/inst/BSCANID.u_xsdbm_id/itck_i}] -add {CLOCKREGION_X0Y0:CLOCKREGION_X0Y0 CLOCKREGION_X1Y0:CLOCKREGION_X1Y0}
#endgroup

# Clock net "QCS_4_Top_i/mdm_1/U0/No_Dbg_Reg_Access.BUFG_DRCK/Dbg_Clk_0" driven by instance "QCS_4_Top_i/mdm_1/U0/No_Dbg_Reg_Access.BUFG_DRCK/Using_FPGA.Native" located at site "BUFGCTRL_X0Y1"
#startgroup
create_pblock {CLKAG_QCS_4_Top_i/mdm_1/U0/No_Dbg_Reg_Access.BUFG_DRCK/Dbg_Clk_0}
add_cells_to_pblock [get_pblocks  {CLKAG_QCS_4_Top_i/mdm_1/U0/No_Dbg_Reg_Access.BUFG_DRCK/Dbg_Clk_0}] [get_cells -filter { PRIMITIVE_GROUP != I/O && IS_PRIMITIVE==1 && PRIMITIVE_LEVEL !=INTERNAL } -of_object [get_pins -leaf -filter {DIRECTION==IN} -of_objects [get_nets {QCS_4_Top_i/mdm_1/U0/No_Dbg_Reg_Access.BUFG_DRCK/Dbg_Clk_0}]]]
resize_pblock [get_pblocks {CLKAG_QCS_4_Top_i/mdm_1/U0/No_Dbg_Reg_Access.BUFG_DRCK/Dbg_Clk_0}] -add {CLOCKREGION_X0Y1:CLOCKREGION_X0Y1 CLOCKREGION_X1Y1:CLOCKREGION_X1Y1}
#endgroup

# Clock net "QCS_4_Top_i/clk_wiz_0/inst/clk_out5" driven by instance "QCS_4_Top_i/clk_wiz_0/inst/clkout5_buf" located at site "BUFGCTRL_X0Y20"
#startgroup
create_pblock {CLKAG_QCS_4_Top_i/clk_wiz_0/inst/clk_out5}
add_cells_to_pblock [get_pblocks  {CLKAG_QCS_4_Top_i/clk_wiz_0/inst/clk_out5}] [get_cells -filter { PRIMITIVE_GROUP != I/O && IS_PRIMITIVE==1 && PRIMITIVE_LEVEL !=INTERNAL } -of_object [get_pins -leaf -filter {DIRECTION==IN} -of_objects [get_nets {QCS_4_Top_i/clk_wiz_0/inst/clk_out5}]]]
resize_pblock [get_pblocks {CLKAG_QCS_4_Top_i/clk_wiz_0/inst/clk_out5}] -add {CLOCKREGION_X1Y0:CLOCKREGION_X1Y0}
#endgroup

# Clock net "QCS_4_Top_i/clk_wiz_0/inst/clk_out4" driven by instance "QCS_4_Top_i/clk_wiz_0/inst/clkout4_buf" located at site "BUFGCTRL_X0Y19"
#startgroup
create_pblock {CLKAG_QCS_4_Top_i/clk_wiz_0/inst/clk_out4}
add_cells_to_pblock [get_pblocks  {CLKAG_QCS_4_Top_i/clk_wiz_0/inst/clk_out4}] [get_cells -filter { PRIMITIVE_GROUP != I/O && IS_PRIMITIVE==1 && PRIMITIVE_LEVEL !=INTERNAL } -of_object [get_pins -leaf -filter {DIRECTION==IN} -of_objects [get_nets {QCS_4_Top_i/clk_wiz_0/inst/clk_out4}]]]
resize_pblock [get_pblocks {CLKAG_QCS_4_Top_i/clk_wiz_0/inst/clk_out4}] -add {CLOCKREGION_X1Y0:CLOCKREGION_X1Y0}
#endgroup

# Clock net "QCS_4_Top_i/clk_wiz_0/inst/clk_out3" driven by instance "QCS_4_Top_i/clk_wiz_0/inst/clkout3_buf" located at site "BUFGCTRL_X0Y18"
#startgroup
create_pblock {CLKAG_QCS_4_Top_i/clk_wiz_0/inst/clk_out3}
add_cells_to_pblock [get_pblocks  {CLKAG_QCS_4_Top_i/clk_wiz_0/inst/clk_out3}] [get_cells -filter { PRIMITIVE_GROUP != I/O && IS_PRIMITIVE==1 && PRIMITIVE_LEVEL !=INTERNAL } -of_object [get_pins -leaf -filter {DIRECTION==IN} -of_objects [get_nets {QCS_4_Top_i/clk_wiz_0/inst/clk_out3}]]]
resize_pblock [get_pblocks {CLKAG_QCS_4_Top_i/clk_wiz_0/inst/clk_out3}] -add {CLOCKREGION_X1Y0:CLOCKREGION_X1Y0}
#endgroup

# Clock net "QCS_4_Top_i/clk_wiz_0/inst/clk_out2" driven by instance "QCS_4_Top_i/clk_wiz_0/inst/clkout2_buf" located at site "BUFGCTRL_X0Y17"
#startgroup
create_pblock {CLKAG_QCS_4_Top_i/clk_wiz_0/inst/clk_out2}
add_cells_to_pblock [get_pblocks  {CLKAG_QCS_4_Top_i/clk_wiz_0/inst/clk_out2}] [get_cells -filter { PRIMITIVE_GROUP != I/O && IS_PRIMITIVE==1 && PRIMITIVE_LEVEL !=INTERNAL } -of_object [get_pins -leaf -filter {DIRECTION==IN} -of_objects [get_nets {QCS_4_Top_i/clk_wiz_0/inst/clk_out2}]]]
resize_pblock [get_pblocks {CLKAG_QCS_4_Top_i/clk_wiz_0/inst/clk_out2}] -add {CLOCKREGION_X1Y0:CLOCKREGION_X1Y0}
#endgroup

# Clock net "QCS_4_Top_i/clk_wiz_0/inst/clk_out1" driven by instance "QCS_4_Top_i/clk_wiz_0/inst/clkout1_buf" located at site "BUFGCTRL_X0Y16"
#startgroup
create_pblock {CLKAG_QCS_4_Top_i/clk_wiz_0/inst/clk_out1}
add_cells_to_pblock [get_pblocks  {CLKAG_QCS_4_Top_i/clk_wiz_0/inst/clk_out1}] [get_cells -filter { PRIMITIVE_GROUP != I/O && IS_PRIMITIVE==1 && PRIMITIVE_LEVEL !=INTERNAL } -of_object [get_pins -leaf -filter {DIRECTION==IN} -of_objects [get_nets {QCS_4_Top_i/clk_wiz_0/inst/clk_out1}]]]
resize_pblock [get_pblocks {CLKAG_QCS_4_Top_i/clk_wiz_0/inst/clk_out1}] -add {CLOCKREGION_X0Y0:CLOCKREGION_X0Y0 CLOCKREGION_X0Y1:CLOCKREGION_X0Y1 CLOCKREGION_X1Y0:CLOCKREGION_X1Y0 CLOCKREGION_X1Y1:CLOCKREGION_X1Y1}
#endgroup

# Clock net "QCS_4_Top_i/QCS_4_wrapper_0/inst/QCS_4_i/clk_cascade_0/inst/clk3_BUFG" driven by instance "QCS_4_Top_i/QCS_4_wrapper_0/inst/QCS_4_i/clk_cascade_0/inst/clk3_BUFG_inst" located at site "BUFGCTRL_X0Y5"
#startgroup
create_pblock {CLKAG_QCS_4_Top_i/QCS_4_wrapper_0/inst/QCS_4_i/clk_cascade_0/inst/clk3_BUFG}
add_cells_to_pblock [get_pblocks  {CLKAG_QCS_4_Top_i/QCS_4_wrapper_0/inst/QCS_4_i/clk_cascade_0/inst/clk3_BUFG}] [get_cells -filter { PRIMITIVE_GROUP != I/O && IS_PRIMITIVE==1 && PRIMITIVE_LEVEL !=INTERNAL } -of_object [get_pins -leaf -filter {DIRECTION==IN} -of_objects [get_nets {QCS_4_Top_i/QCS_4_wrapper_0/inst/QCS_4_i/clk_cascade_0/inst/clk3_BUFG}]]]
resize_pblock [get_pblocks {CLKAG_QCS_4_Top_i/QCS_4_wrapper_0/inst/QCS_4_i/clk_cascade_0/inst/clk3_BUFG}] -add {CLOCKREGION_X0Y0:CLOCKREGION_X0Y0 CLOCKREGION_X1Y0:CLOCKREGION_X1Y0}
#endgroup

# Clock net "QCS_4_Top_i/QCS_4_wrapper_0/inst/QCS_4_i/clk_cascade_0/inst/clk2_BUFG" driven by instance "QCS_4_Top_i/QCS_4_wrapper_0/inst/QCS_4_i/clk_cascade_0/inst/clk2_BUFG_inst" located at site "BUFGCTRL_X0Y4"
#startgroup
create_pblock {CLKAG_QCS_4_Top_i/QCS_4_wrapper_0/inst/QCS_4_i/clk_cascade_0/inst/clk2_BUFG}
add_cells_to_pblock [get_pblocks  {CLKAG_QCS_4_Top_i/QCS_4_wrapper_0/inst/QCS_4_i/clk_cascade_0/inst/clk2_BUFG}] [get_cells -filter { PRIMITIVE_GROUP != I/O && IS_PRIMITIVE==1 && PRIMITIVE_LEVEL !=INTERNAL } -of_object [get_pins -leaf -filter {DIRECTION==IN} -of_objects [get_nets {QCS_4_Top_i/QCS_4_wrapper_0/inst/QCS_4_i/clk_cascade_0/inst/clk2_BUFG}]]]
resize_pblock [get_pblocks {CLKAG_QCS_4_Top_i/QCS_4_wrapper_0/inst/QCS_4_i/clk_cascade_0/inst/clk2_BUFG}] -add {CLOCKREGION_X1Y0:CLOCKREGION_X1Y0}
#endgroup

# Clock net "QCS_4_Top_i/QCS_4_wrapper_0/inst/QCS_4_i/clk_cascade_0/inst/clk1_BUFG" driven by instance "QCS_4_Top_i/QCS_4_wrapper_0/inst/QCS_4_i/clk_cascade_0/inst/clk1_BUFG_inst" located at site "BUFGCTRL_X0Y3"
#startgroup
create_pblock {CLKAG_QCS_4_Top_i/QCS_4_wrapper_0/inst/QCS_4_i/clk_cascade_0/inst/clk1_BUFG}
add_cells_to_pblock [get_pblocks  {CLKAG_QCS_4_Top_i/QCS_4_wrapper_0/inst/QCS_4_i/clk_cascade_0/inst/clk1_BUFG}] [get_cells -filter { PRIMITIVE_GROUP != I/O && IS_PRIMITIVE==1 && PRIMITIVE_LEVEL !=INTERNAL } -of_object [get_pins -leaf -filter {DIRECTION==IN} -of_objects [get_nets {QCS_4_Top_i/QCS_4_wrapper_0/inst/QCS_4_i/clk_cascade_0/inst/clk1_BUFG}]]]
resize_pblock [get_pblocks {CLKAG_QCS_4_Top_i/QCS_4_wrapper_0/inst/QCS_4_i/clk_cascade_0/inst/clk1_BUFG}] -add {CLOCKREGION_X1Y0:CLOCKREGION_X1Y0}
#endgroup

# Clock net "QCS_4_Top_i/QCS_4_wrapper_0/inst/QCS_4_i/clk_cascade_0/inst/clk0_BUFG" driven by instance "QCS_4_Top_i/QCS_4_wrapper_0/inst/QCS_4_i/clk_cascade_0/inst/clk0_BUFG_inst" located at site "BUFGCTRL_X0Y2"
#startgroup
create_pblock {CLKAG_QCS_4_Top_i/QCS_4_wrapper_0/inst/QCS_4_i/clk_cascade_0/inst/clk0_BUFG}
add_cells_to_pblock [get_pblocks  {CLKAG_QCS_4_Top_i/QCS_4_wrapper_0/inst/QCS_4_i/clk_cascade_0/inst/clk0_BUFG}] [get_cells -filter { PRIMITIVE_GROUP != I/O && IS_PRIMITIVE==1 && PRIMITIVE_LEVEL !=INTERNAL } -of_object [get_pins -leaf -filter {DIRECTION==IN} -of_objects [get_nets {QCS_4_Top_i/QCS_4_wrapper_0/inst/QCS_4_i/clk_cascade_0/inst/clk0_BUFG}]]]
resize_pblock [get_pblocks {CLKAG_QCS_4_Top_i/QCS_4_wrapper_0/inst/QCS_4_i/clk_cascade_0/inst/clk0_BUFG}] -add {CLOCKREGION_X1Y0:CLOCKREGION_X1Y0}
#endgroup
