Copyright 1986-2022 Xilinx, Inc. All Rights Reserved. Copyright 2022-2023 Advanced Micro Devices, Inc. All Rights Reserved.
---------------------------------------------------------------------------------------------------------------------------------------------
| Tool Version : Vivado v.2023.1 (lin64) Build 3865809 Sun May  7 15:04:56 MDT 2023
| Date         : Sun Oct 27 12:35:07 2024
| Host         : duncan-Ub22 running 64-bit Ubuntu 22.04.5 LTS
| Command      : report_drc -file QCS_4_Top_wrapper_drc_opted.rpt -pb QCS_4_Top_wrapper_drc_opted.pb -rpx QCS_4_Top_wrapper_drc_opted.rpx
| Design       : QCS_4_Top_wrapper
| Device       : xc7a35ticsg324-1L
| Speed File   : -1L
| Design State : Synthesized
---------------------------------------------------------------------------------------------------------------------------------------------

Report DRC

Table of Contents
-----------------
1. REPORT SUMMARY
2. REPORT DETAILS

1. REPORT SUMMARY
-----------------
            Netlist: netlist
          Floorplan: design_1
      Design limits: <entire design considered>
           Ruledeck: default
             Max violations: <unlimited>
             Violations found: 21
+-----------+----------+----------------------------+------------+
| Rule      | Severity | Description                | Violations |
+-----------+----------+----------------------------+------------+
| CHECK-3   | Warning  | Report rule limit reached  | 1          |
| REQP-1839 | Warning  | RAMB36 async control check | 20         |
+-----------+----------+----------------------------+------------+

2. REPORT DETAILS
-----------------
CHECK-3#1 Warning
Report rule limit reached  
REQP-1839 rule limit reached: 20 violations have been found.
Related violations: <none>

REQP-1839#1 Warning
RAMB36 async control check  
The RAMB36E1 QCS_4_Top_i/QCS_4_wrapper_0/inst/QCS_4_i/rpm_lut_0/inst/rpmlut_data_reg_0 has an input control pin QCS_4_Top_i/QCS_4_wrapper_0/inst/QCS_4_i/rpm_lut_0/inst/rpmlut_data_reg_0/ADDRARDADDR[10] (net: QCS_4_Top_i/QCS_4_wrapper_0/inst/QCS_4_i/rpm_lut_0/inst/addr[9]) which is driven by a register (QCS_4_Top_i/QCS_4_wrapper_0/inst/QCS_4_i/addr_mux_0/inst/addr_out_reg[9]) that has an active asychronous set or reset. This may cause corruption of the memory contents and/or read values when the set/reset is asserted and is not analyzed by the default static timing analysis. It is suggested to eliminate the use of a set/reset to registers driving this RAMB pin or else use a synchronous reset in which the assertion of the reset is timed by default.
Related violations: <none>

REQP-1839#2 Warning
RAMB36 async control check  
The RAMB36E1 QCS_4_Top_i/QCS_4_wrapper_0/inst/QCS_4_i/rpm_lut_0/inst/rpmlut_data_reg_0 has an input control pin QCS_4_Top_i/QCS_4_wrapper_0/inst/QCS_4_i/rpm_lut_0/inst/rpmlut_data_reg_0/ADDRARDADDR[11] (net: QCS_4_Top_i/QCS_4_wrapper_0/inst/QCS_4_i/rpm_lut_0/inst/addr[10]) which is driven by a register (QCS_4_Top_i/QCS_4_wrapper_0/inst/QCS_4_i/addr_mux_0/inst/addr_out_reg[10]) that has an active asychronous set or reset. This may cause corruption of the memory contents and/or read values when the set/reset is asserted and is not analyzed by the default static timing analysis. It is suggested to eliminate the use of a set/reset to registers driving this RAMB pin or else use a synchronous reset in which the assertion of the reset is timed by default.
Related violations: <none>

REQP-1839#3 Warning
RAMB36 async control check  
The RAMB36E1 QCS_4_Top_i/QCS_4_wrapper_0/inst/QCS_4_i/rpm_lut_0/inst/rpmlut_data_reg_0 has an input control pin QCS_4_Top_i/QCS_4_wrapper_0/inst/QCS_4_i/rpm_lut_0/inst/rpmlut_data_reg_0/ADDRARDADDR[12] (net: QCS_4_Top_i/QCS_4_wrapper_0/inst/QCS_4_i/rpm_lut_0/inst/addr[11]) which is driven by a register (QCS_4_Top_i/QCS_4_wrapper_0/inst/QCS_4_i/addr_mux_0/inst/addr_out_reg[11]) that has an active asychronous set or reset. This may cause corruption of the memory contents and/or read values when the set/reset is asserted and is not analyzed by the default static timing analysis. It is suggested to eliminate the use of a set/reset to registers driving this RAMB pin or else use a synchronous reset in which the assertion of the reset is timed by default.
Related violations: <none>

REQP-1839#4 Warning
RAMB36 async control check  
The RAMB36E1 QCS_4_Top_i/QCS_4_wrapper_0/inst/QCS_4_i/rpm_lut_0/inst/rpmlut_data_reg_0 has an input control pin QCS_4_Top_i/QCS_4_wrapper_0/inst/QCS_4_i/rpm_lut_0/inst/rpmlut_data_reg_0/ADDRARDADDR[13] (net: QCS_4_Top_i/QCS_4_wrapper_0/inst/QCS_4_i/rpm_lut_0/inst/addr[12]) which is driven by a register (QCS_4_Top_i/QCS_4_wrapper_0/inst/QCS_4_i/addr_mux_0/inst/addr_out_reg[12]) that has an active asychronous set or reset. This may cause corruption of the memory contents and/or read values when the set/reset is asserted and is not analyzed by the default static timing analysis. It is suggested to eliminate the use of a set/reset to registers driving this RAMB pin or else use a synchronous reset in which the assertion of the reset is timed by default.
Related violations: <none>

REQP-1839#5 Warning
RAMB36 async control check  
The RAMB36E1 QCS_4_Top_i/QCS_4_wrapper_0/inst/QCS_4_i/rpm_lut_0/inst/rpmlut_data_reg_0 has an input control pin QCS_4_Top_i/QCS_4_wrapper_0/inst/QCS_4_i/rpm_lut_0/inst/rpmlut_data_reg_0/ADDRARDADDR[14] (net: QCS_4_Top_i/QCS_4_wrapper_0/inst/QCS_4_i/rpm_lut_0/inst/addr[13]) which is driven by a register (QCS_4_Top_i/QCS_4_wrapper_0/inst/QCS_4_i/addr_mux_0/inst/addr_out_reg[13]) that has an active asychronous set or reset. This may cause corruption of the memory contents and/or read values when the set/reset is asserted and is not analyzed by the default static timing analysis. It is suggested to eliminate the use of a set/reset to registers driving this RAMB pin or else use a synchronous reset in which the assertion of the reset is timed by default.
Related violations: <none>

REQP-1839#6 Warning
RAMB36 async control check  
The RAMB36E1 QCS_4_Top_i/QCS_4_wrapper_0/inst/QCS_4_i/rpm_lut_0/inst/rpmlut_data_reg_0 has an input control pin QCS_4_Top_i/QCS_4_wrapper_0/inst/QCS_4_i/rpm_lut_0/inst/rpmlut_data_reg_0/ADDRARDADDR[1] (net: QCS_4_Top_i/QCS_4_wrapper_0/inst/QCS_4_i/rpm_lut_0/inst/addr[0]) which is driven by a register (QCS_4_Top_i/QCS_4_wrapper_0/inst/QCS_4_i/addr_mux_0/inst/addr_out_reg[0]) that has an active asychronous set or reset. This may cause corruption of the memory contents and/or read values when the set/reset is asserted and is not analyzed by the default static timing analysis. It is suggested to eliminate the use of a set/reset to registers driving this RAMB pin or else use a synchronous reset in which the assertion of the reset is timed by default.
Related violations: <none>

REQP-1839#7 Warning
RAMB36 async control check  
The RAMB36E1 QCS_4_Top_i/QCS_4_wrapper_0/inst/QCS_4_i/rpm_lut_0/inst/rpmlut_data_reg_0 has an input control pin QCS_4_Top_i/QCS_4_wrapper_0/inst/QCS_4_i/rpm_lut_0/inst/rpmlut_data_reg_0/ADDRARDADDR[2] (net: QCS_4_Top_i/QCS_4_wrapper_0/inst/QCS_4_i/rpm_lut_0/inst/addr[1]) which is driven by a register (QCS_4_Top_i/QCS_4_wrapper_0/inst/QCS_4_i/addr_mux_0/inst/addr_out_reg[1]) that has an active asychronous set or reset. This may cause corruption of the memory contents and/or read values when the set/reset is asserted and is not analyzed by the default static timing analysis. It is suggested to eliminate the use of a set/reset to registers driving this RAMB pin or else use a synchronous reset in which the assertion of the reset is timed by default.
Related violations: <none>

REQP-1839#8 Warning
RAMB36 async control check  
The RAMB36E1 QCS_4_Top_i/QCS_4_wrapper_0/inst/QCS_4_i/rpm_lut_0/inst/rpmlut_data_reg_0 has an input control pin QCS_4_Top_i/QCS_4_wrapper_0/inst/QCS_4_i/rpm_lut_0/inst/rpmlut_data_reg_0/ADDRARDADDR[3] (net: QCS_4_Top_i/QCS_4_wrapper_0/inst/QCS_4_i/rpm_lut_0/inst/addr[2]) which is driven by a register (QCS_4_Top_i/QCS_4_wrapper_0/inst/QCS_4_i/addr_mux_0/inst/addr_out_reg[2]) that has an active asychronous set or reset. This may cause corruption of the memory contents and/or read values when the set/reset is asserted and is not analyzed by the default static timing analysis. It is suggested to eliminate the use of a set/reset to registers driving this RAMB pin or else use a synchronous reset in which the assertion of the reset is timed by default.
Related violations: <none>

REQP-1839#9 Warning
RAMB36 async control check  
The RAMB36E1 QCS_4_Top_i/QCS_4_wrapper_0/inst/QCS_4_i/rpm_lut_0/inst/rpmlut_data_reg_0 has an input control pin QCS_4_Top_i/QCS_4_wrapper_0/inst/QCS_4_i/rpm_lut_0/inst/rpmlut_data_reg_0/ADDRARDADDR[4] (net: QCS_4_Top_i/QCS_4_wrapper_0/inst/QCS_4_i/rpm_lut_0/inst/addr[3]) which is driven by a register (QCS_4_Top_i/QCS_4_wrapper_0/inst/QCS_4_i/addr_mux_0/inst/addr_out_reg[3]) that has an active asychronous set or reset. This may cause corruption of the memory contents and/or read values when the set/reset is asserted and is not analyzed by the default static timing analysis. It is suggested to eliminate the use of a set/reset to registers driving this RAMB pin or else use a synchronous reset in which the assertion of the reset is timed by default.
Related violations: <none>

REQP-1839#10 Warning
RAMB36 async control check  
The RAMB36E1 QCS_4_Top_i/QCS_4_wrapper_0/inst/QCS_4_i/rpm_lut_0/inst/rpmlut_data_reg_0 has an input control pin QCS_4_Top_i/QCS_4_wrapper_0/inst/QCS_4_i/rpm_lut_0/inst/rpmlut_data_reg_0/ADDRARDADDR[5] (net: QCS_4_Top_i/QCS_4_wrapper_0/inst/QCS_4_i/rpm_lut_0/inst/addr[4]) which is driven by a register (QCS_4_Top_i/QCS_4_wrapper_0/inst/QCS_4_i/addr_mux_0/inst/addr_out_reg[4]) that has an active asychronous set or reset. This may cause corruption of the memory contents and/or read values when the set/reset is asserted and is not analyzed by the default static timing analysis. It is suggested to eliminate the use of a set/reset to registers driving this RAMB pin or else use a synchronous reset in which the assertion of the reset is timed by default.
Related violations: <none>

REQP-1839#11 Warning
RAMB36 async control check  
The RAMB36E1 QCS_4_Top_i/QCS_4_wrapper_0/inst/QCS_4_i/rpm_lut_0/inst/rpmlut_data_reg_0 has an input control pin QCS_4_Top_i/QCS_4_wrapper_0/inst/QCS_4_i/rpm_lut_0/inst/rpmlut_data_reg_0/ADDRARDADDR[6] (net: QCS_4_Top_i/QCS_4_wrapper_0/inst/QCS_4_i/rpm_lut_0/inst/addr[5]) which is driven by a register (QCS_4_Top_i/QCS_4_wrapper_0/inst/QCS_4_i/addr_mux_0/inst/addr_out_reg[5]) that has an active asychronous set or reset. This may cause corruption of the memory contents and/or read values when the set/reset is asserted and is not analyzed by the default static timing analysis. It is suggested to eliminate the use of a set/reset to registers driving this RAMB pin or else use a synchronous reset in which the assertion of the reset is timed by default.
Related violations: <none>

REQP-1839#12 Warning
RAMB36 async control check  
The RAMB36E1 QCS_4_Top_i/QCS_4_wrapper_0/inst/QCS_4_i/rpm_lut_0/inst/rpmlut_data_reg_0 has an input control pin QCS_4_Top_i/QCS_4_wrapper_0/inst/QCS_4_i/rpm_lut_0/inst/rpmlut_data_reg_0/ADDRARDADDR[7] (net: QCS_4_Top_i/QCS_4_wrapper_0/inst/QCS_4_i/rpm_lut_0/inst/addr[6]) which is driven by a register (QCS_4_Top_i/QCS_4_wrapper_0/inst/QCS_4_i/addr_mux_0/inst/addr_out_reg[6]) that has an active asychronous set or reset. This may cause corruption of the memory contents and/or read values when the set/reset is asserted and is not analyzed by the default static timing analysis. It is suggested to eliminate the use of a set/reset to registers driving this RAMB pin or else use a synchronous reset in which the assertion of the reset is timed by default.
Related violations: <none>

REQP-1839#13 Warning
RAMB36 async control check  
The RAMB36E1 QCS_4_Top_i/QCS_4_wrapper_0/inst/QCS_4_i/rpm_lut_0/inst/rpmlut_data_reg_0 has an input control pin QCS_4_Top_i/QCS_4_wrapper_0/inst/QCS_4_i/rpm_lut_0/inst/rpmlut_data_reg_0/ADDRARDADDR[8] (net: QCS_4_Top_i/QCS_4_wrapper_0/inst/QCS_4_i/rpm_lut_0/inst/addr[7]) which is driven by a register (QCS_4_Top_i/QCS_4_wrapper_0/inst/QCS_4_i/addr_mux_0/inst/addr_out_reg[7]) that has an active asychronous set or reset. This may cause corruption of the memory contents and/or read values when the set/reset is asserted and is not analyzed by the default static timing analysis. It is suggested to eliminate the use of a set/reset to registers driving this RAMB pin or else use a synchronous reset in which the assertion of the reset is timed by default.
Related violations: <none>

REQP-1839#14 Warning
RAMB36 async control check  
The RAMB36E1 QCS_4_Top_i/QCS_4_wrapper_0/inst/QCS_4_i/rpm_lut_0/inst/rpmlut_data_reg_0 has an input control pin QCS_4_Top_i/QCS_4_wrapper_0/inst/QCS_4_i/rpm_lut_0/inst/rpmlut_data_reg_0/ADDRARDADDR[9] (net: QCS_4_Top_i/QCS_4_wrapper_0/inst/QCS_4_i/rpm_lut_0/inst/addr[8]) which is driven by a register (QCS_4_Top_i/QCS_4_wrapper_0/inst/QCS_4_i/addr_mux_0/inst/addr_out_reg[8]) that has an active asychronous set or reset. This may cause corruption of the memory contents and/or read values when the set/reset is asserted and is not analyzed by the default static timing analysis. It is suggested to eliminate the use of a set/reset to registers driving this RAMB pin or else use a synchronous reset in which the assertion of the reset is timed by default.
Related violations: <none>

REQP-1839#15 Warning
RAMB36 async control check  
The RAMB36E1 QCS_4_Top_i/QCS_4_wrapper_0/inst/QCS_4_i/rpm_lut_0/inst/rpmlut_data_reg_1 has an input control pin QCS_4_Top_i/QCS_4_wrapper_0/inst/QCS_4_i/rpm_lut_0/inst/rpmlut_data_reg_1/ADDRARDADDR[10] (net: QCS_4_Top_i/QCS_4_wrapper_0/inst/QCS_4_i/rpm_lut_0/inst/addr[9]) which is driven by a register (QCS_4_Top_i/QCS_4_wrapper_0/inst/QCS_4_i/addr_mux_0/inst/addr_out_reg[9]) that has an active asychronous set or reset. This may cause corruption of the memory contents and/or read values when the set/reset is asserted and is not analyzed by the default static timing analysis. It is suggested to eliminate the use of a set/reset to registers driving this RAMB pin or else use a synchronous reset in which the assertion of the reset is timed by default.
Related violations: <none>

REQP-1839#16 Warning
RAMB36 async control check  
The RAMB36E1 QCS_4_Top_i/QCS_4_wrapper_0/inst/QCS_4_i/rpm_lut_0/inst/rpmlut_data_reg_1 has an input control pin QCS_4_Top_i/QCS_4_wrapper_0/inst/QCS_4_i/rpm_lut_0/inst/rpmlut_data_reg_1/ADDRARDADDR[11] (net: QCS_4_Top_i/QCS_4_wrapper_0/inst/QCS_4_i/rpm_lut_0/inst/addr[10]) which is driven by a register (QCS_4_Top_i/QCS_4_wrapper_0/inst/QCS_4_i/addr_mux_0/inst/addr_out_reg[10]) that has an active asychronous set or reset. This may cause corruption of the memory contents and/or read values when the set/reset is asserted and is not analyzed by the default static timing analysis. It is suggested to eliminate the use of a set/reset to registers driving this RAMB pin or else use a synchronous reset in which the assertion of the reset is timed by default.
Related violations: <none>

REQP-1839#17 Warning
RAMB36 async control check  
The RAMB36E1 QCS_4_Top_i/QCS_4_wrapper_0/inst/QCS_4_i/rpm_lut_0/inst/rpmlut_data_reg_1 has an input control pin QCS_4_Top_i/QCS_4_wrapper_0/inst/QCS_4_i/rpm_lut_0/inst/rpmlut_data_reg_1/ADDRARDADDR[12] (net: QCS_4_Top_i/QCS_4_wrapper_0/inst/QCS_4_i/rpm_lut_0/inst/addr[11]) which is driven by a register (QCS_4_Top_i/QCS_4_wrapper_0/inst/QCS_4_i/addr_mux_0/inst/addr_out_reg[11]) that has an active asychronous set or reset. This may cause corruption of the memory contents and/or read values when the set/reset is asserted and is not analyzed by the default static timing analysis. It is suggested to eliminate the use of a set/reset to registers driving this RAMB pin or else use a synchronous reset in which the assertion of the reset is timed by default.
Related violations: <none>

REQP-1839#18 Warning
RAMB36 async control check  
The RAMB36E1 QCS_4_Top_i/QCS_4_wrapper_0/inst/QCS_4_i/rpm_lut_0/inst/rpmlut_data_reg_1 has an input control pin QCS_4_Top_i/QCS_4_wrapper_0/inst/QCS_4_i/rpm_lut_0/inst/rpmlut_data_reg_1/ADDRARDADDR[13] (net: QCS_4_Top_i/QCS_4_wrapper_0/inst/QCS_4_i/rpm_lut_0/inst/addr[12]) which is driven by a register (QCS_4_Top_i/QCS_4_wrapper_0/inst/QCS_4_i/addr_mux_0/inst/addr_out_reg[12]) that has an active asychronous set or reset. This may cause corruption of the memory contents and/or read values when the set/reset is asserted and is not analyzed by the default static timing analysis. It is suggested to eliminate the use of a set/reset to registers driving this RAMB pin or else use a synchronous reset in which the assertion of the reset is timed by default.
Related violations: <none>

REQP-1839#19 Warning
RAMB36 async control check  
The RAMB36E1 QCS_4_Top_i/QCS_4_wrapper_0/inst/QCS_4_i/rpm_lut_0/inst/rpmlut_data_reg_1 has an input control pin QCS_4_Top_i/QCS_4_wrapper_0/inst/QCS_4_i/rpm_lut_0/inst/rpmlut_data_reg_1/ADDRARDADDR[14] (net: QCS_4_Top_i/QCS_4_wrapper_0/inst/QCS_4_i/rpm_lut_0/inst/addr[13]) which is driven by a register (QCS_4_Top_i/QCS_4_wrapper_0/inst/QCS_4_i/addr_mux_0/inst/addr_out_reg[13]) that has an active asychronous set or reset. This may cause corruption of the memory contents and/or read values when the set/reset is asserted and is not analyzed by the default static timing analysis. It is suggested to eliminate the use of a set/reset to registers driving this RAMB pin or else use a synchronous reset in which the assertion of the reset is timed by default.
Related violations: <none>

REQP-1839#20 Warning
RAMB36 async control check  
The RAMB36E1 QCS_4_Top_i/QCS_4_wrapper_0/inst/QCS_4_i/rpm_lut_0/inst/rpmlut_data_reg_1 has an input control pin QCS_4_Top_i/QCS_4_wrapper_0/inst/QCS_4_i/rpm_lut_0/inst/rpmlut_data_reg_1/ADDRARDADDR[9] (net: QCS_4_Top_i/QCS_4_wrapper_0/inst/QCS_4_i/rpm_lut_0/inst/addr[8]) which is driven by a register (QCS_4_Top_i/QCS_4_wrapper_0/inst/QCS_4_i/addr_mux_0/inst/addr_out_reg[8]) that has an active asychronous set or reset. This may cause corruption of the memory contents and/or read values when the set/reset is asserted and is not analyzed by the default static timing analysis. It is suggested to eliminate the use of a set/reset to registers driving this RAMB pin or else use a synchronous reset in which the assertion of the reset is timed by default.
Related violations: <none>


